<?xml version="1.0" encoding="UTF-8"?>
<testng-results ignored="0" total="1" passed="1" failed="0" skipped="0">
  <reporter-output>
  </reporter-output>
  <suite started-at="2024-08-18T20:47:51 IST" name="Suite" finished-at="2024-08-18T20:47:53 IST" duration-ms="1970">
    <groups>
    </groups>
    <test started-at="2024-08-18T20:47:51 IST" name="Test" finished-at="2024-08-18T20:47:53 IST" duration-ms="1970">
      <class name="testcases.TestGetUser">
        <test-method signature="testGetUserPagination()[pri:0, instance:testcases.TestGetUser@ae3540e]" started-at="2024-08-18T20:47:51 IST" name="testGetUserPagination" finished-at="2024-08-18T20:47:53 IST" duration-ms="1876" status="PASS">
          <reporter-output>
          </reporter-output>
        </test-method> <!-- testGetUserPagination -->
      </class> <!-- testcases.TestGetUser -->
    </test> <!-- Test -->
  </suite> <!-- Suite -->
</testng-results>
